app/build/intermediates/manifest_merge_blame_file/release/manifest-merger-blame-release-report.txt
1<?xml version="1.0" encoding="utf-8"?>
2<manifest xmlns:android="http://schemas.android.com/apk/res/android"
3    package="com.example.mymess31"
4    android:versionCode="1"
5    android:versionName="1.0" >
6
7    <uses-sdk
8        android:minSdkVersion="18"
8-->src\main\AndroidManifest.xml
9        android:targetSdkVersion="29" />
9-->src\main\AndroidManifest.xml
10
11    <uses-permission android:name="android.permission.INTERNET" />
11-->src\main\AndroidManifest.xml:4:5-83
11-->src\main\AndroidManifest.xml:4:22-64
12    <uses-permission android:name="android.permission.CAMERA" /> <!-- Don't require camera, as this requires a rear camera. This allows it to work on the Nexus 7 -->
12-->[com.journeyapps:zxing-android-embedded:3.4.0] AndroidManifest.xml:21:5-65
12-->[com.journeyapps:zxing-android-embedded:3.4.0] AndroidManifest.xml:21:22-62
13    <uses-feature
13-->[com.journeyapps:zxing-android-embedded:3.4.0] AndroidManifest.xml:24:5-26:36
14        android:name="android.hardware.camera"
14-->[com.journeyapps:zxing-android-embedded:3.4.0] AndroidManifest.xml:25:9-47
15        android:required="false" />
15-->[com.journeyapps:zxing-android-embedded:3.4.0] AndroidManifest.xml:26:9-33
16    <uses-feature
16-->[com.journeyapps:zxing-android-embedded:3.4.0] AndroidManifest.xml:27:5-29:36
17        android:name="android.hardware.camera.front"
17-->[com.journeyapps:zxing-android-embedded:3.4.0] AndroidManifest.xml:28:9-53
18        android:required="false" /> <!-- TODO replace above two with next line after Android 4.2 -->
18-->[com.journeyapps:zxing-android-embedded:3.4.0] AndroidManifest.xml:29:9-33
19    <!-- <uses-feature android:name="android.hardware.camera.any"/> -->
20    <uses-feature
20-->[com.journeyapps:zxing-android-embedded:3.4.0] AndroidManifest.xml:32:5-34:36
21        android:name="android.hardware.camera.autofocus"
21-->[com.journeyapps:zxing-android-embedded:3.4.0] AndroidManifest.xml:33:9-57
22        android:required="false" />
22-->[com.journeyapps:zxing-android-embedded:3.4.0] AndroidManifest.xml:34:9-33
23    <uses-feature
23-->[com.journeyapps:zxing-android-embedded:3.4.0] AndroidManifest.xml:35:5-37:36
24        android:name="android.hardware.camera.flash"
24-->[com.journeyapps:zxing-android-embedded:3.4.0] AndroidManifest.xml:36:9-53
25        android:required="false" />
25-->[com.journeyapps:zxing-android-embedded:3.4.0] AndroidManifest.xml:37:9-33
26    <uses-feature
26-->[com.journeyapps:zxing-android-embedded:3.4.0] AndroidManifest.xml:38:5-40:36
27        android:name="android.hardware.screen.landscape"
27-->[com.journeyapps:zxing-android-embedded:3.4.0] AndroidManifest.xml:39:9-57
28        android:required="false" />
28-->[com.journeyapps:zxing-android-embedded:3.4.0] AndroidManifest.xml:40:9-33
29    <uses-feature
29-->[com.journeyapps:zxing-android-embedded:3.4.0] AndroidManifest.xml:41:5-43:36
30        android:name="android.hardware.wifi"
30-->[com.journeyapps:zxing-android-embedded:3.4.0] AndroidManifest.xml:42:9-45
31        android:required="false" />
31-->[com.journeyapps:zxing-android-embedded:3.4.0] AndroidManifest.xml:43:9-33
32
33    <application
33-->src\main\AndroidManifest.xml:6:5-23:19
34        android:allowBackup="true"
34-->src\main\AndroidManifest.xml:7:9-35
35        android:appComponentFactory="androidx.core.app.CoreComponentFactory"
35-->[androidx.core:core:1.1.0] AndroidManifest.xml:24:18-86
36        android:icon="@mipmap/ic_launcher"
36-->src\main\AndroidManifest.xml:8:9-43
37        android:label="@string/app_name"
37-->src\main\AndroidManifest.xml:9:9-41
38        android:roundIcon="@mipmap/ic_launcher_round"
38-->src\main\AndroidManifest.xml:10:9-54
39        android:supportsRtl="true"
39-->src\main\AndroidManifest.xml:11:9-35
40        android:theme="@style/AppTheme" >
40-->src\main\AndroidManifest.xml:12:9-40
41        <activity android:name="com.example.mymess31.QR_Scanner" />
41-->src\main\AndroidManifest.xml:13:9-57
41-->src\main\AndroidManifest.xml:13:19-45
42        <activity android:name="com.example.mymess31.SignUpActivity" />
42-->src\main\AndroidManifest.xml:14:9-52
42-->src\main\AndroidManifest.xml:14:19-49
43        <activity android:name="com.example.mymess31.QR_code" />
43-->src\main\AndroidManifest.xml:15:9-45
43-->src\main\AndroidManifest.xml:15:19-42
44        <activity android:name="com.example.mymess31.MainActivity" >
44-->src\main\AndroidManifest.xml:16:9-22:20
44-->src\main\AndroidManifest.xml:16:19-47
45            <intent-filter>
45-->src\main\AndroidManifest.xml:17:13-21:29
46                <action android:name="android.intent.action.MAIN" />
46-->src\main\AndroidManifest.xml:18:17-69
46-->src\main\AndroidManifest.xml:18:25-66
47
48                <category android:name="android.intent.category.LAUNCHER" />
48-->src\main\AndroidManifest.xml:20:17-77
48-->src\main\AndroidManifest.xml:20:27-74
49            </intent-filter>
50        </activity>
51        <activity
51-->[com.google.firebase:firebase-auth:16.0.5] AndroidManifest.xml:24:9-31:50
52            android:name="com.google.firebase.auth.internal.FederatedSignInActivity"
52-->[com.google.firebase:firebase-auth:16.0.5] AndroidManifest.xml:25:13-85
53            android:excludeFromRecents="true"
53-->[com.google.firebase:firebase-auth:16.0.5] AndroidManifest.xml:26:13-46
54            android:exported="true"
54-->[com.google.firebase:firebase-auth:16.0.5] AndroidManifest.xml:27:13-36
55            android:launchMode="singleTask"
55-->[com.google.firebase:firebase-auth:16.0.5] AndroidManifest.xml:28:13-44
56            android:permission="com.google.firebase.auth.api.gms.permission.LAUNCH_FEDERATED_SIGN_IN"
56-->[com.google.firebase:firebase-auth:16.0.5] AndroidManifest.xml:29:13-102
57            android:theme="@android:style/Theme.Translucent.NoTitleBar" />
57-->[com.google.firebase:firebase-auth:16.0.5] AndroidManifest.xml:30:13-72
58
59        <service
59-->[com.google.firebase:firebase-auth:16.0.5] AndroidManifest.xml:33:9-39:19
60            android:name="com.google.firebase.components.ComponentDiscoveryService"
60-->[com.google.firebase:firebase-auth:16.0.5] AndroidManifest.xml:34:13-84
61            android:exported="false" >
61-->[com.google.firebase:firebase-auth:16.0.5] AndroidManifest.xml:35:13-37
62            <meta-data
62-->[com.google.firebase:firebase-auth:16.0.5] AndroidManifest.xml:36:13-38:85
63                android:name="com.google.firebase.components:com.google.firebase.auth.FirebaseAuthRegistrar"
63-->[com.google.firebase:firebase-auth:16.0.5] AndroidManifest.xml:37:17-109
64                android:value="com.google.firebase.components.ComponentRegistrar" />
64-->[com.google.firebase:firebase-auth:16.0.5] AndroidManifest.xml:38:17-82
65        </service>
66
67        <activity
67-->[com.journeyapps:zxing-android-embedded:3.4.0] AndroidManifest.xml:46:9-52:63
68            android:name="com.journeyapps.barcodescanner.CaptureActivity"
68-->[com.journeyapps:zxing-android-embedded:3.4.0] AndroidManifest.xml:47:13-74
69            android:clearTaskOnLaunch="true"
69-->[com.journeyapps:zxing-android-embedded:3.4.0] AndroidManifest.xml:48:13-45
70            android:screenOrientation="sensorLandscape"
70-->[com.journeyapps:zxing-android-embedded:3.4.0] AndroidManifest.xml:49:13-56
71            android:stateNotNeeded="true"
71-->[com.journeyapps:zxing-android-embedded:3.4.0] AndroidManifest.xml:50:13-42
72            android:theme="@style/zxing_CaptureTheme"
72-->[com.journeyapps:zxing-android-embedded:3.4.0] AndroidManifest.xml:51:13-54
73            android:windowSoftInputMode="stateAlwaysHidden" />
73-->[com.journeyapps:zxing-android-embedded:3.4.0] AndroidManifest.xml:52:13-60
74        <activity
74-->[com.google.android.gms:play-services-base:16.0.1] AndroidManifest.xml:23:9-26:75
75            android:name="com.google.android.gms.common.api.GoogleApiActivity"
75-->[com.google.android.gms:play-services-base:16.0.1] AndroidManifest.xml:24:13-79
76            android:exported="false"
76-->[com.google.android.gms:play-services-base:16.0.1] AndroidManifest.xml:25:13-37
77            android:theme="@android:style/Theme.Translucent.NoTitleBar" />
77-->[com.google.android.gms:play-services-base:16.0.1] AndroidManifest.xml:26:13-72
78
79        <provider
79-->[com.google.firebase:firebase-common:16.0.3] AndroidManifest.xml:10:9-14:39
80            android:name="com.google.firebase.provider.FirebaseInitProvider"
80-->[com.google.firebase:firebase-common:16.0.3] AndroidManifest.xml:11:13-77
81            android:authorities="com.example.mymess31.firebaseinitprovider"
81-->[com.google.firebase:firebase-common:16.0.3] AndroidManifest.xml:12:13-72
82            android:exported="false"
82-->[com.google.firebase:firebase-common:16.0.3] AndroidManifest.xml:13:13-37
83            android:initOrder="100" />
83-->[com.google.firebase:firebase-common:16.0.3] AndroidManifest.xml:14:13-36
84
85        <meta-data
85-->[com.google.android.gms:play-services-basement:16.1.0] AndroidManifest.xml:23:9-25:69
86            android:name="com.google.android.gms.version"
86-->[com.google.android.gms:play-services-basement:16.1.0] AndroidManifest.xml:24:13-58
87            android:value="@integer/google_play_services_version" />
87-->[com.google.android.gms:play-services-basement:16.1.0] AndroidManifest.xml:25:13-66
88    </application>
89
90</manifest>